<?xml version="1.0" encoding="UTF-8" standalone="yes"?><!DOCTYPE report PUBLIC "-//JACOCO//DTD Report 1.1//EN" "report.dtd"><report name="Docs Core"><sessioninfo id="LAPTOP-05MN756V-5242db0e" start="1746589642544" dump="1746589688344"/><sessioninfo id="LAPTOP-05MN756V-f425041" start="1746589711428" dump="1746589759748"/><sessioninfo id="LAPTOP-05MN756V-6db575a6" start="1746589785625" dump="1746589845726"/><sessioninfo id="LAPTOP-05MN756V-154edd04" start="1746589868380" dump="1746589873203"/><sessioninfo id="LAPTOP-05MN756V-bbd5fde3" start="1746589876085" dump="1746589976543"/><sessioninfo id="LAPTOP-05MN756V-ae98c53e" start="1746590008652" dump="1746590053923"/><sessioninfo id="LAPTOP-05MN756V-7dc83100" start="1746590062783" dump="1746590065230"/><sessioninfo id="LAPTOP-05MN756V-e29e8d8f" start="1746590066599" dump="1746590069144"/><sessioninfo id="LAPTOP-05MN756V-a5d92093" start="1746590070412" dump="1746590072935"/><sessioninfo id="LAPTOP-05MN756V-4189e2aa" start="1746590074370" dump="1746590076583"/><sessioninfo id="LAPTOP-05MN756V-7a8b66f7" start="1746590078081" dump="1746590080717"/></report>